{"C:\\Users\\Lorenna\\LIM013-card-validation\\src\\validator.js": {"path":"C:\\Users\\Lorenna\\LIM013-card-validation\\src\\validator.js","statementMap":{"0":{"start":{"line":1,"column":18},"end":{"line":44,"column":1}},"1":{"start":{"line":3,"column":17},"end":{"line":3,"column":42}},"2":{"start":{"line":4,"column":19},"end":{"line":4,"column":32}},"3":{"start":{"line":5,"column":16},"end":{"line":5,"column":20}},"4":{"start":{"line":6,"column":18},"end":{"line":6,"column":22}},"5":{"start":{"line":7,"column":13},"end":{"line":7,"column":14}},"6":{"start":{"line":8,"column":4},"end":{"line":16,"column":5}},"7":{"start":{"line":8,"column":15},"end":{"line":8,"column":16}},"8":{"start":{"line":9,"column":6},"end":{"line":9,"column":43}},"9":{"start":{"line":10,"column":6},"end":{"line":14,"column":7}},"10":{"start":{"line":11,"column":8},"end":{"line":11,"column":37}},"11":{"start":{"line":12,"column":8},"end":{"line":13,"column":33}},"12":{"start":{"line":15,"column":6},"end":{"line":15,"column":18}},"13":{"start":{"line":17,"column":4},"end":{"line":19,"column":5}},"14":{"start":{"line":17,"column":15},"end":{"line":17,"column":16}},"15":{"start":{"line":18,"column":6},"end":{"line":18,"column":41}},"16":{"start":{"line":21,"column":4},"end":{"line":25,"column":6}},"17":{"start":{"line":22,"column":6},"end":{"line":22,"column":18}},"18":{"start":{"line":24,"column":6},"end":{"line":24,"column":19}},"19":{"start":{"line":28,"column":25},"end":{"line":28,"column":46}},"20":{"start":{"line":29,"column":17},"end":{"line":29,"column":19}},"21":{"start":{"line":30,"column":4},"end":{"line":40,"column":5}},"22":{"start":{"line":31,"column":6},"end":{"line":37,"column":7}},"23":{"start":{"line":31,"column":19},"end":{"line":31,"column":20}},"24":{"start":{"line":32,"column":8},"end":{"line":36,"column":9}},"25":{"start":{"line":33,"column":10},"end":{"line":33,"column":38}},"26":{"start":{"line":35,"column":10},"end":{"line":35,"column":24}},"27":{"start":{"line":39,"column":6},"end":{"line":39,"column":29}},"28":{"start":{"line":41,"column":4},"end":{"line":41,"column":18}}},"fnMap":{"0":{"name":"(anonymous_0)","decl":{"start":{"line":2,"column":11},"end":{"line":2,"column":12}},"loc":{"start":{"line":2,"column":37},"end":{"line":26,"column":3}},"line":2},"1":{"name":"(anonymous_1)","decl":{"start":{"line":27,"column":11},"end":{"line":27,"column":12}},"loc":{"start":{"line":27,"column":37},"end":{"line":42,"column":3}},"line":27}},"branchMap":{"0":{"loc":{"start":{"line":10,"column":6},"end":{"line":14,"column":7}},"type":"if","locations":[{"start":{"line":10,"column":6},"end":{"line":14,"column":7}},{"start":{"line":10,"column":6},"end":{"line":14,"column":7}}],"line":10},"1":{"loc":{"start":{"line":21,"column":4},"end":{"line":25,"column":6}},"type":"if","locations":[{"start":{"line":21,"column":4},"end":{"line":25,"column":6}},{"start":{"line":21,"column":4},"end":{"line":25,"column":6}}],"line":21},"2":{"loc":{"start":{"line":30,"column":4},"end":{"line":40,"column":5}},"type":"if","locations":[{"start":{"line":30,"column":4},"end":{"line":40,"column":5}},{"start":{"line":30,"column":4},"end":{"line":40,"column":5}}],"line":30},"3":{"loc":{"start":{"line":32,"column":8},"end":{"line":36,"column":9}},"type":"if","locations":[{"start":{"line":32,"column":8},"end":{"line":36,"column":9}},{"start":{"line":32,"column":8},"end":{"line":36,"column":9}}],"line":32}},"s":{"0":1,"1":3,"2":3,"3":3,"4":3,"5":3,"6":3,"7":3,"8":21,"9":21,"10":9,"11":9,"12":21,"13":3,"14":3,"15":21,"16":3,"17":2,"18":1,"19":3,"20":3,"21":3,"22":2,"23":2,"24":26,"25":8,"26":18,"27":1,"28":3},"f":{"0":3,"1":3},"b":{"0":[9,12],"1":[2,1],"2":[2,1],"3":[8,18]},"_coverageSchema":"43e27e138ebf9cfc5966b082cf9a028302ed4184","hash":"045b4b7e92808ba96b208da0f17211b03056c1ab"}
}
