TN:
SF:C:\Users\Lorenna\LIM013-card-validation\src\validator.js
FN:2,(anonymous_0)
FN:27,(anonymous_1)
FNF:2
FNH:2
FNDA:3,(anonymous_0)
FNDA:3,(anonymous_1)
DA:1,1
DA:3,3
DA:4,3
DA:5,3
DA:6,3
DA:7,3
DA:8,3
DA:9,21
DA:10,21
DA:11,9
DA:12,9
DA:15,21
DA:17,3
DA:18,21
DA:21,3
DA:22,2
DA:24,1
DA:28,3
DA:29,3
DA:30,3
DA:31,2
DA:32,26
DA:33,8
DA:35,18
DA:39,1
DA:41,3
LF:26
LH:26
BRDA:10,0,0,9
BRDA:10,0,1,12
BRDA:21,1,0,2
BRDA:21,1,1,1
BRDA:30,2,0,2
BRDA:30,2,1,1
BRDA:32,3,0,8
BRDA:32,3,1,18
BRF:8
BRH:8
end_of_record
